[0708/091516.018:ERROR:process_memory_win.cc(73)] ReadMemory at 0x7ff7fa7d0000 of 64 bytes failed: Only part of a ReadProcessMemory or WriteProcessMemory request was completed. (0x12B)
[0708/091516.586:WARNING:pe_image_reader.cc(340)] could not read dos header from C:\Program Files (x86)\Google\Chrome\Application\chrome.exe
[0708/091516.586:ERROR:process_memory_win.cc(73)] ReadMemory at 0x7ffea2f40000 of 64 bytes failed: Only part of a ReadProcessMemory or WriteProcessMemory request was completed. (0x12B)
[0708/091516.586:WARNING:pe_image_reader.cc(340)] could not read dos header from C:\WINDOWS\SYSTEM32\ntdll.dll
[0708/091516.586:ERROR:process_memory_win.cc(73)] ReadMemory at 0x7ffea1500000 of 64 bytes failed: Only part of a ReadProcessMemory or WriteProcessMemory request was completed. (0x12B)
[0708/091516.586:WARNING:pe_image_reader.cc(340)] could not read dos header from C:\WINDOWS\System32\KERNEL32.DLL
[0708/091516.586:ERROR:process_memory_win.cc(73)] ReadMemory at 0x7ffea00a0000 of 64 bytes failed: Only part of a ReadProcessMemory or WriteProcessMemory request was completed. (0x12B)
[0708/091516.586:WARNING:pe_image_reader.cc(340)] could not read dos header from C:\WINDOWS\System32\KERNELBASE.dll
[0708/091516.586:ERROR:process_memory_win.cc(73)] ReadMemory at 0x7ffe71bf0000 of 64 bytes failed: Only part of a ReadProcessMemory or WriteProcessMemory request was completed. (0x12B)
[0708/091516.586:WARNING:pe_image_reader.cc(340)] could not read dos header from C:\Program Files (x86)\Google\Chrome\Application\83.0.4103.116\chrome_elf.dll
[0708/091516.586:ERROR:process_memory_win.cc(73)] ReadMemory at 0x7ffe9b7f0000 of 64 bytes failed: Only part of a ReadProcessMemory or WriteProcessMemory request was completed. (0x12B)
[0708/091516.586:WARNING:pe_image_reader.cc(340)] could not read dos header from C:\WINDOWS\SYSTEM32\VERSION.dll
[0708/091516.586:ERROR:process_memory_win.cc(73)] ReadMemory at 0x7ffea1690000 of 64 bytes failed: Only part of a ReadProcessMemory or WriteProcessMemory request was completed. (0x12B)
[0708/091516.586:WARNING:pe_image_reader.cc(340)] could not read dos header from C:\WINDOWS\System32\msvcrt.dll
[0708/091516.586:ERROR:process_memory_win.cc(73)] ReadMemory at 0x7ffea04a0000 of 64 bytes failed: Only part of a ReadProcessMemory or WriteProcessMemory request was completed. (0x12B)
[0708/091516.586:WARNING:pe_image_reader.cc(340)] could not read dos header from C:\WINDOWS\System32\bcryptPrimitives.dll
[0708/091516.586:ERROR:process_memory_win.cc(73)] ReadMemory at 0x7ffea1730000 of 64 bytes failed: Only part of a ReadProcessMemory or WriteProcessMemory request was completed. (0x12B)
[0708/091516.587:WARNING:pe_image_reader.cc(340)] could not read dos header from C:\WINDOWS\System32\ADVAPI32.dll
[0708/091516.587:ERROR:process_memory_win.cc(73)] ReadMemory at 0x7ffea2e60000 of 64 bytes failed: Only part of a ReadProcessMemory or WriteProcessMemory request was completed. (0x12B)
[0708/091516.587:WARNING:pe_image_reader.cc(340)] could not read dos header from C:\WINDOWS\System32\sechost.dll
[0708/091516.587:ERROR:process_memory_win.cc(73)] ReadMemory at 0x7ffea1e60000 of 64 bytes failed: Only part of a ReadProcessMemory or WriteProcessMemory request was completed. (0x12B)
[0708/091516.587:WARNING:pe_image_reader.cc(340)] could not read dos header from C:\WINDOWS\System32\RPCRT4.dll
[0708/091516.587:ERROR:process_memory_win.cc(73)] ReadMemory at 0x7ffe1df50000 of 64 bytes failed: Only part of a ReadProcessMemory or WriteProcessMemory request was completed. (0x12B)
[0708/091516.587:WARNING:pe_image_reader.cc(340)] could not read dos header from C:\Program Files (x86)\Google\Chrome\Application\83.0.4103.116\chrome.dll
[0708/091516.587:ERROR:process_memory_win.cc(73)] ReadMemory at 0x7ffea17f0000 of 64 bytes failed: Only part of a ReadProcessMemory or WriteProcessMemory request was completed. (0x12B)
[0708/091516.587:WARNING:pe_image_reader.cc(340)] could not read dos header from C:\WINDOWS\System32\WS2_32.dll
[0708/091516.587:ERROR:process_memory_win.cc(73)] ReadMemory at 0x22e0aef0000 of 64 bytes failed: Only part of a ReadProcessMemory or WriteProcessMemory request was completed. (0x12B)
[0708/091516.587:WARNING:pe_image_reader.cc(340)] could not read dos header from C:\WINDOWS\System32\OLEAUT32.dll
[0708/091516.587:ERROR:process_memory_win.cc(73)] ReadMemory at 0x7ffea0350000 of 64 bytes failed: Only part of a ReadProcessMemory or WriteProcessMemory request was completed. (0x12B)
[0708/091516.587:WARNING:pe_image_reader.cc(340)] could not read dos header from C:\WINDOWS\System32\msvcp_win.dll
[0708/091516.587:ERROR:process_memory_win.cc(73)] ReadMemory at 0x7ffea0ca0000 of 64 bytes failed: Only part of a ReadProcessMemory or WriteProcessMemory request was completed. (0x12B)
[0708/091516.587:WARNING:pe_image_reader.cc(340)] could not read dos header from C:\WINDOWS\System32\ucrtbase.dll
[0708/091516.587:ERROR:process_memory_win.cc(73)] ReadMemory at 0x7ffea11c0000 of 64 bytes failed: Only part of a ReadProcessMemory or WriteProcessMemory request was completed. (0x12B)
[0708/091516.587:WARNING:pe_image_reader.cc(340)] could not read dos header from C:\WINDOWS\System32\combase.dll
[0708/091516.587:ERROR:process_memory_win.cc(73)] ReadMemory at 0x7ffea0f90000 of 64 bytes failed: Only part of a ReadProcessMemory or WriteProcessMemory request was completed. (0x12B)
[0708/091516.587:WARNING:pe_image_reader.cc(340)] could not read dos header from C:\WINDOWS\System32\WINTRUST.dll
[0708/091516.587:ERROR:process_memory_win.cc(73)] ReadMemory at 0x7ffe9feb0000 of 64 bytes failed: Only part of a ReadProcessMemory or WriteProcessMemory request was completed. (0x12B)
[0708/091516.587:WARNING:pe_image_reader.cc(340)] could not read dos header from C:\WINDOWS\System32\MSASN1.dll
[0708/091516.587:ERROR:process_memory_win.cc(73)] ReadMemory at 0x7ffe9ff50000 of 64 bytes failed: Only part of a ReadProcessMemory or WriteProcessMemory request was completed. (0x12B)
[0708/091516.587:WARNING:pe_image_reader.cc(340)] could not read dos header from C:\WINDOWS\System32\CRYPT32.dll
[0708/091516.587:ERROR:process_memory_win.cc(73)] ReadMemory at 0x7ffe9f2e0000 of 64 bytes failed: Only part of a ReadProcessMemory or WriteProcessMemory request was completed. (0x12B)
[0708/091516.587:WARNING:pe_image_reader.cc(340)] could not read dos header from C:\WINDOWS\SYSTEM32\IPHLPAPI.DLL
[0708/091516.587:ERROR:process_memory_win.cc(73)] ReadMemory at 0x7ffe9b2b0000 of 64 bytes failed: Only part of a ReadProcessMemory or WriteProcessMemory request was completed. (0x12B)
[0708/091516.587:WARNING:pe_image_reader.cc(340)] could not read dos header from C:\WINDOWS\SYSTEM32\WINMM.dll
[0708/091516.587:ERROR:process_memory_win.cc(73)] ReadMemory at 0x7ffe89cb0000 of 64 bytes failed: Only part of a ReadProcessMemory or WriteProcessMemory request was completed. (0x12B)
[0708/091516.587:WARNING:pe_image_reader.cc(340)] could not read dos header from C:\WINDOWS\SYSTEM32\Secur32.dll
[0708/091516.587:ERROR:process_memory_win.cc(73)] ReadMemory at 0x7ffe9fcf0000 of 64 bytes failed: Only part of a ReadProcessMemory or WriteProcessMemory request was completed. (0x12B)
[0708/091516.588:WARNING:pe_image_reader.cc(340)] could not read dos header from C:\WINDOWS\SYSTEM32\USERENV.dll
[0708/091516.588:ERROR:process_memory_win.cc(73)] ReadMemory at 0x7ffe9fe80000 of 64 bytes failed: Only part of a ReadProcessMemory or WriteProcessMemory request was completed. (0x12B)
[0708/091516.588:WARNING:pe_image_reader.cc(340)] could not read dos header from C:\WINDOWS\System32\profapi.dll
[0708/091516.588:ERROR:process_memory_win.cc(73)] ReadMemory at 0x7ffe76b50000 of 64 bytes failed: Only part of a ReadProcessMemory or WriteProcessMemory request was completed. (0x12B)
[0708/091516.588:WARNING:pe_image_reader.cc(340)] could not read dos header from C:\WINDOWS\SYSTEM32\UIAutomationCore.DLL
[0708/091516.588:ERROR:process_memory_win.cc(73)] ReadMemory at 0x7ffe8bca0000 of 64 bytes failed: Only part of a ReadProcessMemory or WriteProcessMemory request was completed. (0x12B)
[0708/091516.588:WARNING:pe_image_reader.cc(340)] could not read dos header from C:\WINDOWS\SYSTEM32\DWrite.dll
[0708/091516.588:ERROR:process_memory_win.cc(73)] ReadMemory at 0x7ffe9cc70000 of 64 bytes failed: Only part of a ReadProcessMemory or WriteProcessMemory request was completed. (0x12B)
[0708/091516.588:WARNING:pe_image_reader.cc(340)] could not read dos header from C:\WINDOWS\SYSTEM32\WINSPOOL.DRV
[0708/091516.588:ERROR:process_memory_win.cc(73)] ReadMemory at 0x7ffe9fe60000 of 64 bytes failed: Only part of a ReadProcessMemory or WriteProcessMemory request was completed. (0x12B)
[0708/091516.588:WARNING:pe_image_reader.cc(340)] could not read dos header from C:\WINDOWS\System32\kernel.appcore.dll
[0708/091516.588:ERROR:process_memory_win.cc(73)] ReadMemory at 0x7ffe9fef0000 of 64 bytes failed: Only part of a ReadProcessMemory or WriteProcessMemory request was completed. (0x12B)
[0708/091516.588:WARNING:pe_image_reader.cc(340)] could not read dos header from C:\WINDOWS\System32\bcrypt.dll
[0708/091516.588:ERROR:process_memory_win.cc(73)] ReadMemory at 0x7ffe9e550000 of 64 bytes failed: Only part of a ReadProcessMemory or WriteProcessMemory request was completed. (0x12B)
[0708/091516.588:WARNING:pe_image_reader.cc(340)] could not read dos header from C:\WINDOWS\SYSTEM32\dbghelp.dll
[0708/091516.588:ERROR:process_memory_win.cc(73)] ReadMemory at 0x7ffe98a70000 of 64 bytes failed: Only part of a ReadProcessMemory or WriteProcessMemory request was completed. (0x12B)
[0708/091516.588:WARNING:pe_image_reader.cc(340)] could not read dos header from C:\WINDOWS\SYSTEM32\WINHTTP.dll
[0708/091516.588:ERROR:process_memory_win.cc(73)] ReadMemory at 0x7ffe98f70000 of 64 bytes failed: Only part of a ReadProcessMemory or WriteProcessMemory request was completed. (0x12B)
[0708/091516.588:WARNING:pe_image_reader.cc(340)] could not read dos header from C:\WINDOWS\SYSTEM32\dhcpcsvc.DLL
[0708/091516.588:ERROR:process_memory_win.cc(73)] ReadMemory at 0x7ffea1f80000 of 64 bytes failed: Only part of a ReadProcessMemory or WriteProcessMemory request was completed. (0x12B)
[0708/091516.588:WARNING:pe_image_reader.cc(340)] could not read dos header from C:\WINDOWS\System32\NSI.dll
[0708/091516.588:ERROR:process_memory_win.cc(73)] ReadMemory at 0x7ffe9b280000 of 64 bytes failed: Only part of a ReadProcessMemory or WriteProcessMemory request was completed. (0x12B)
[0708/091516.588:WARNING:pe_image_reader.cc(340)] could not read dos header from C:\WINDOWS\SYSTEM32\WINMMBASE.dll
[0708/091516.588:ERROR:process_memory_win.cc(73)] ReadMemory at 0x7ffea0f40000 of 64 bytes failed: Only part of a ReadProcessMemory or WriteProcessMemory request was completed. (0x12B)
[0708/091516.588:WARNING:pe_image_reader.cc(340)] could not read dos header from C:\WINDOWS\System32\cfgmgr32.dll
[0708/091516.588:ERROR:process_memory_win.cc(73)] ReadMemory at 0x7ffe9dcf0000 of 64 bytes failed: Only part of a ReadProcessMemory or WriteProcessMemory request was completed. (0x12B)
[0708/091516.588:WARNING:pe_image_reader.cc(340)] could not read dos header from C:\WINDOWS\SYSTEM32\PROPSYS.dll
[0708/091516.588:ERROR:process_memory_win.cc(73)] ReadMemory at 0x7ffea1f90000 of 64 bytes failed: Only part of a ReadProcessMemory or WriteProcessMemory request was completed. (0x12B)
[0708/091516.588:WARNING:pe_image_reader.cc(340)] could not read dos header from C:\WINDOWS\System32\shcore.dll
[0708/091516.588:ERROR:process_memory_win.cc(73)] ReadMemory at 0x7ffe9fd20000 of 64 bytes failed: Only part of a ReadProcessMemory or WriteProcessMemory request was completed. (0x12B)
[0708/091516.588:WARNING:pe_image_reader.cc(340)] could not read dos header from C:\WINDOWS\SYSTEM32\SSPICLI.DLL
[0708/091516.588:ERROR:process_memory_win.cc(73)] ReadMemory at 0x7ffe9f740000 of 64 bytes failed: Only part of a ReadProcessMemory or WriteProcessMemory request was completed. (0x12B)
[0708/091516.588:WARNING:pe_image_reader.cc(340)] could not read dos header from C:\WINDOWS\SYSTEM32\CRYPTBASE.DLL
[0708/091516.593:ERROR:process_memory_win.cc(73)] ReadMemory at 0x7ff7fa7d0000 of 64 bytes failed: Only part of a ReadProcessMemory or WriteProcessMemory request was completed. (0x12B)
[0708/091516.593:WARNING:pe_image_reader.cc(340)] could not read dos header from C:\Program Files (x86)\Google\Chrome\Application\chrome.exe
[0708/091516.593:ERROR:process_memory_win.cc(73)] ReadMemory at 0x7ffea2f40000 of 64 bytes failed: Only part of a ReadProcessMemory or WriteProcessMemory request was completed. (0x12B)
[0708/091516.593:WARNING:pe_image_reader.cc(340)] could not read dos header from C:\WINDOWS\SYSTEM32\ntdll.dll
[0708/091516.593:ERROR:process_memory_win.cc(73)] ReadMemory at 0x7ffea1500000 of 64 bytes failed: Only part of a ReadProcessMemory or WriteProcessMemory request was completed. (0x12B)
[0708/091516.593:WARNING:pe_image_reader.cc(340)] could not read dos header from C:\WINDOWS\System32\KERNEL32.DLL
[0708/091516.593:ERROR:process_memory_win.cc(73)] ReadMemory at 0x7ffea00a0000 of 64 bytes failed: Only part of a ReadProcessMemory or WriteProcessMemory request was completed. (0x12B)
[0708/091516.594:WARNING:pe_image_reader.cc(340)] could not read dos header from C:\WINDOWS\System32\KERNELBASE.dll
[0708/091516.594:ERROR:process_memory_win.cc(73)] ReadMemory at 0x7ffe71bf0000 of 64 bytes failed: Only part of a ReadProcessMemory or WriteProcessMemory request was completed. (0x12B)
[0708/091516.594:WARNING:pe_image_reader.cc(340)] could not read dos header from C:\Program Files (x86)\Google\Chrome\Application\83.0.4103.116\chrome_elf.dll
[0708/091516.594:ERROR:process_memory_win.cc(73)] ReadMemory at 0x7ffe9b7f0000 of 64 bytes failed: Only part of a ReadProcessMemory or WriteProcessMemory request was completed. (0x12B)
[0708/091516.594:WARNING:pe_image_reader.cc(340)] could not read dos header from C:\WINDOWS\SYSTEM32\VERSION.dll
[0708/091516.594:ERROR:process_memory_win.cc(73)] ReadMemory at 0x7ffea1690000 of 64 bytes failed: Only part of a ReadProcessMemory or WriteProcessMemory request was completed. (0x12B)
[0708/091516.594:WARNING:pe_image_reader.cc(340)] could not read dos header from C:\WINDOWS\System32\msvcrt.dll
[0708/091516.594:ERROR:process_memory_win.cc(73)] ReadMemory at 0x7ffea04a0000 of 64 bytes failed: Only part of a ReadProcessMemory or WriteProcessMemory request was completed. (0x12B)
[0708/091516.594:WARNING:pe_image_reader.cc(340)] could not read dos header from C:\WINDOWS\System32\bcryptPrimitives.dll
[0708/091516.594:ERROR:process_memory_win.cc(73)] ReadMemory at 0x7ffea1730000 of 64 bytes failed: Only part of a ReadProcessMemory or WriteProcessMemory request was completed. (0x12B)
[0708/091516.594:WARNING:pe_image_reader.cc(340)] could not read dos header from C:\WINDOWS\System32\ADVAPI32.dll
[0708/091516.594:ERROR:process_memory_win.cc(73)] ReadMemory at 0x7ffea2e60000 of 64 bytes failed: Only part of a ReadProcessMemory or WriteProcessMemory request was completed. (0x12B)
[0708/091516.594:WARNING:pe_image_reader.cc(340)] could not read dos header from C:\WINDOWS\System32\sechost.dll
[0708/091516.594:ERROR:process_memory_win.cc(73)] ReadMemory at 0x7ffea1e60000 of 64 bytes failed: Only part of a ReadProcessMemory or WriteProcessMemory request was completed. (0x12B)
[0708/091516.594:WARNING:pe_image_reader.cc(340)] could not read dos header from C:\WINDOWS\System32\RPCRT4.dll
[0708/091516.594:ERROR:process_memory_win.cc(73)] ReadMemory at 0x7ffe1df50000 of 64 bytes failed: Only part of a ReadProcessMemory or WriteProcessMemory request was completed. (0x12B)
[0708/091516.594:WARNING:pe_image_reader.cc(340)] could not read dos header from C:\Program Files (x86)\Google\Chrome\Application\83.0.4103.116\chrome.dll
[0708/091516.594:ERROR:process_memory_win.cc(73)] ReadMemory at 0x7ffea17f0000 of 64 bytes failed: Only part of a ReadProcessMemory or WriteProcessMemory request was completed. (0x12B)
[0708/091516.594:WARNING:pe_image_reader.cc(340)] could not read dos header from C:\WINDOWS\System32\WS2_32.dll
[0708/091516.594:ERROR:process_memory_win.cc(73)] ReadMemory at 0x22e0aef0000 of 64 bytes failed: Only part of a ReadProcessMemory or WriteProcessMemory request was completed. (0x12B)
[0708/091516.594:WARNING:pe_image_reader.cc(340)] could not read dos header from C:\WINDOWS\System32\OLEAUT32.dll
[0708/091516.594:ERROR:process_memory_win.cc(73)] ReadMemory at 0x7ffea0350000 of 64 bytes failed: Only part of a ReadProcessMemory or WriteProcessMemory request was completed. (0x12B)
[0708/091516.594:WARNING:pe_image_reader.cc(340)] could not read dos header from C:\WINDOWS\System32\msvcp_win.dll
[0708/091516.594:ERROR:process_memory_win.cc(73)] ReadMemory at 0x7ffea0ca0000 of 64 bytes failed: Only part of a ReadProcessMemory or WriteProcessMemory request was completed. (0x12B)
[0708/091516.595:WARNING:pe_image_reader.cc(340)] could not read dos header from C:\WINDOWS\System32\ucrtbase.dll
[0708/091516.595:ERROR:process_memory_win.cc(73)] ReadMemory at 0x7ffea11c0000 of 64 bytes failed: Only part of a ReadProcessMemory or WriteProcessMemory request was completed. (0x12B)
[0708/091516.595:WARNING:pe_image_reader.cc(340)] could not read dos header from C:\WINDOWS\System32\combase.dll
[0708/091516.595:ERROR:process_memory_win.cc(73)] ReadMemory at 0x7ffea0f90000 of 64 bytes failed: Only part of a ReadProcessMemory or WriteProcessMemory request was completed. (0x12B)
[0708/091516.595:WARNING:pe_image_reader.cc(340)] could not read dos header from C:\WINDOWS\System32\WINTRUST.dll
[0708/091516.595:ERROR:process_memory_win.cc(73)] ReadMemory at 0x7ffe9feb0000 of 64 bytes failed: Only part of a ReadProcessMemory or WriteProcessMemory request was completed. (0x12B)
[0708/091516.595:WARNING:pe_image_reader.cc(340)] could not read dos header from C:\WINDOWS\System32\MSASN1.dll
[0708/091516.595:ERROR:process_memory_win.cc(73)] ReadMemory at 0x7ffe9ff50000 of 64 bytes failed: Only part of a ReadProcessMemory or WriteProcessMemory request was completed. (0x12B)
[0708/091516.595:WARNING:pe_image_reader.cc(340)] could not read dos header from C:\WINDOWS\System32\CRYPT32.dll
[0708/091516.595:ERROR:process_memory_win.cc(73)] ReadMemory at 0x7ffe9f2e0000 of 64 bytes failed: Only part of a ReadProcessMemory or WriteProcessMemory request was completed. (0x12B)
[0708/091516.595:WARNING:pe_image_reader.cc(340)] could not read dos header from C:\WINDOWS\SYSTEM32\IPHLPAPI.DLL
[0708/091516.595:ERROR:process_memory_win.cc(73)] ReadMemory at 0x7ffe9b2b0000 of 64 bytes failed: Only part of a ReadProcessMemory or WriteProcessMemory request was completed. (0x12B)
[0708/091516.595:WARNING:pe_image_reader.cc(340)] could not read dos header from C:\WINDOWS\SYSTEM32\WINMM.dll
[0708/091516.595:ERROR:process_memory_win.cc(73)] ReadMemory at 0x7ffe89cb0000 of 64 bytes failed: Only part of a ReadProcessMemory or WriteProcessMemory request was completed. (0x12B)
[0708/091516.595:WARNING:pe_image_reader.cc(340)] could not read dos header from C:\WINDOWS\SYSTEM32\Secur32.dll
[0708/091516.595:ERROR:process_memory_win.cc(73)] ReadMemory at 0x7ffe9fcf0000 of 64 bytes failed: Only part of a ReadProcessMemory or WriteProcessMemory request was completed. (0x12B)
[0708/091516.595:WARNING:pe_image_reader.cc(340)] could not read dos header from C:\WINDOWS\SYSTEM32\USERENV.dll
[0708/091516.595:ERROR:process_memory_win.cc(73)] ReadMemory at 0x7ffe9fe80000 of 64 bytes failed: Only part of a ReadProcessMemory or WriteProcessMemory request was completed. (0x12B)
[0708/091516.595:WARNING:pe_image_reader.cc(340)] could not read dos header from C:\WINDOWS\System32\profapi.dll
[0708/091516.595:ERROR:process_memory_win.cc(73)] ReadMemory at 0x7ffe76b50000 of 64 bytes failed: Only part of a ReadProcessMemory or WriteProcessMemory request was completed. (0x12B)
[0708/091516.595:WARNING:pe_image_reader.cc(340)] could not read dos header from C:\WINDOWS\SYSTEM32\UIAutomationCore.DLL
[0708/091516.595:ERROR:process_memory_win.cc(73)] ReadMemory at 0x7ffe8bca0000 of 64 bytes failed: Only part of a ReadProcessMemory or WriteProcessMemory request was completed. (0x12B)
[0708/091516.595:WARNING:pe_image_reader.cc(340)] could not read dos header from C:\WINDOWS\SYSTEM32\DWrite.dll
[0708/091516.595:ERROR:process_memory_win.cc(73)] ReadMemory at 0x7ffe9cc70000 of 64 bytes failed: Only part of a ReadProcessMemory or WriteProcessMemory request was completed. (0x12B)
[0708/091516.595:WARNING:pe_image_reader.cc(340)] could not read dos header from C:\WINDOWS\SYSTEM32\WINSPOOL.DRV
[0708/091516.595:ERROR:process_memory_win.cc(73)] ReadMemory at 0x7ffe9fe60000 of 64 bytes failed: Only part of a ReadProcessMemory or WriteProcessMemory request was completed. (0x12B)
[0708/091516.595:WARNING:pe_image_reader.cc(340)] could not read dos header from C:\WINDOWS\System32\kernel.appcore.dll
[0708/091516.595:ERROR:process_memory_win.cc(73)] ReadMemory at 0x7ffe9fef0000 of 64 bytes failed: Only part of a ReadProcessMemory or WriteProcessMemory request was completed. (0x12B)
[0708/091516.595:WARNING:pe_image_reader.cc(340)] could not read dos header from C:\WINDOWS\System32\bcrypt.dll
[0708/091516.596:ERROR:process_memory_win.cc(73)] ReadMemory at 0x7ffe9e550000 of 64 bytes failed: Only part of a ReadProcessMemory or WriteProcessMemory request was completed. (0x12B)
[0708/091516.596:WARNING:pe_image_reader.cc(340)] could not read dos header from C:\WINDOWS\SYSTEM32\dbghelp.dll
[0708/091516.596:ERROR:process_memory_win.cc(73)] ReadMemory at 0x7ffe98a70000 of 64 bytes failed: Only part of a ReadProcessMemory or WriteProcessMemory request was completed. (0x12B)
[0708/091516.596:WARNING:pe_image_reader.cc(340)] could not read dos header from C:\WINDOWS\SYSTEM32\WINHTTP.dll
[0708/091516.596:ERROR:process_memory_win.cc(73)] ReadMemory at 0x7ffe98f70000 of 64 bytes failed: Only part of a ReadProcessMemory or WriteProcessMemory request was completed. (0x12B)
[0708/091516.596:WARNING:pe_image_reader.cc(340)] could not read dos header from C:\WINDOWS\SYSTEM32\dhcpcsvc.DLL
[0708/091516.596:ERROR:process_memory_win.cc(73)] ReadMemory at 0x7ffea1f80000 of 64 bytes failed: Only part of a ReadProcessMemory or WriteProcessMemory request was completed. (0x12B)
[0708/091516.596:WARNING:pe_image_reader.cc(340)] could not read dos header from C:\WINDOWS\System32\NSI.dll
[0708/091516.596:ERROR:process_memory_win.cc(73)] ReadMemory at 0x7ffe9b280000 of 64 bytes failed: Only part of a ReadProcessMemory or WriteProcessMemory request was completed. (0x12B)
[0708/091516.596:WARNING:pe_image_reader.cc(340)] could not read dos header from C:\WINDOWS\SYSTEM32\WINMMBASE.dll
[0708/091516.596:ERROR:process_memory_win.cc(73)] ReadMemory at 0x7ffea0f40000 of 64 bytes failed: Only part of a ReadProcessMemory or WriteProcessMemory request was completed. (0x12B)
[0708/091516.596:WARNING:pe_image_reader.cc(340)] could not read dos header from C:\WINDOWS\System32\cfgmgr32.dll
[0708/091516.596:ERROR:process_memory_win.cc(73)] ReadMemory at 0x7ffe9dcf0000 of 64 bytes failed: Only part of a ReadProcessMemory or WriteProcessMemory request was completed. (0x12B)
[0708/091516.596:WARNING:pe_image_reader.cc(340)] could not read dos header from C:\WINDOWS\SYSTEM32\PROPSYS.dll
[0708/091516.596:ERROR:process_memory_win.cc(73)] ReadMemory at 0x7ffea1f90000 of 64 bytes failed: Only part of a ReadProcessMemory or WriteProcessMemory request was completed. (0x12B)
[0708/091516.596:WARNING:pe_image_reader.cc(340)] could not read dos header from C:\WINDOWS\System32\shcore.dll
[0708/091516.596:ERROR:process_memory_win.cc(73)] ReadMemory at 0x7ffe9fd20000 of 64 bytes failed: Only part of a ReadProcessMemory or WriteProcessMemory request was completed. (0x12B)
[0708/091516.596:WARNING:pe_image_reader.cc(340)] could not read dos header from C:\WINDOWS\SYSTEM32\SSPICLI.DLL
[0708/091516.596:ERROR:process_memory_win.cc(73)] ReadMemory at 0x7ffe9f740000 of 64 bytes failed: Only part of a ReadProcessMemory or WriteProcessMemory request was completed. (0x12B)
[0708/091516.596:WARNING:pe_image_reader.cc(340)] could not read dos header from C:\WINDOWS\SYSTEM32\CRYPTBASE.DLL
[0708/091516.596:ERROR:process_memory_win.cc(73)] ReadMemory at 0x7ff7fa7d0000 of 64 bytes failed: Only part of a ReadProcessMemory or WriteProcessMemory request was completed. (0x12B)
[0708/091516.596:WARNING:pe_image_reader.cc(340)] could not read dos header from C:\Program Files (x86)\Google\Chrome\Application\chrome.exe
[0708/091516.596:ERROR:process_memory_win.cc(73)] ReadMemory at 0x7ffea2f40000 of 64 bytes failed: Only part of a ReadProcessMemory or WriteProcessMemory request was completed. (0x12B)
[0708/091516.596:WARNING:pe_image_reader.cc(340)] could not read dos header from C:\WINDOWS\SYSTEM32\ntdll.dll
[0708/091516.596:ERROR:process_memory_win.cc(73)] ReadMemory at 0x7ffea1500000 of 64 bytes failed: Only part of a ReadProcessMemory or WriteProcessMemory request was completed. (0x12B)
[0708/091516.596:WARNING:pe_image_reader.cc(340)] could not read dos header from C:\WINDOWS\System32\KERNEL32.DLL
[0708/091516.596:ERROR:process_memory_win.cc(73)] ReadMemory at 0x7ffea00a0000 of 64 bytes failed: Only part of a ReadProcessMemory or WriteProcessMemory request was completed. (0x12B)
[0708/091516.597:WARNING:pe_image_reader.cc(340)] could not read dos header from C:\WINDOWS\System32\KERNELBASE.dll
[0708/091516.597:ERROR:process_memory_win.cc(73)] ReadMemory at 0x7ffe71bf0000 of 64 bytes failed: Only part of a ReadProcessMemory or WriteProcessMemory request was completed. (0x12B)
[0708/091516.597:WARNING:pe_image_reader.cc(340)] could not read dos header from C:\Program Files (x86)\Google\Chrome\Application\83.0.4103.116\chrome_elf.dll
[0708/091516.597:ERROR:process_memory_win.cc(73)] ReadMemory at 0x7ffe9b7f0000 of 64 bytes failed: Only part of a ReadProcessMemory or WriteProcessMemory request was completed. (0x12B)
[0708/091516.597:WARNING:pe_image_reader.cc(340)] could not read dos header from C:\WINDOWS\SYSTEM32\VERSION.dll
[0708/091516.597:ERROR:process_memory_win.cc(73)] ReadMemory at 0x7ffea1690000 of 64 bytes failed: Only part of a ReadProcessMemory or WriteProcessMemory request was completed. (0x12B)
[0708/091516.597:WARNING:pe_image_reader.cc(340)] could not read dos header from C:\WINDOWS\System32\msvcrt.dll
[0708/091516.597:ERROR:process_memory_win.cc(73)] ReadMemory at 0x7ffea04a0000 of 64 bytes failed: Only part of a ReadProcessMemory or WriteProcessMemory request was completed. (0x12B)
[0708/091516.597:WARNING:pe_image_reader.cc(340)] could not read dos header from C:\WINDOWS\System32\bcryptPrimitives.dll
[0708/091516.597:ERROR:process_memory_win.cc(73)] ReadMemory at 0x7ffea1730000 of 64 bytes failed: Only part of a ReadProcessMemory or WriteProcessMemory request was completed. (0x12B)
[0708/091516.597:WARNING:pe_image_reader.cc(340)] could not read dos header from C:\WINDOWS\System32\ADVAPI32.dll
[0708/091516.597:ERROR:process_memory_win.cc(73)] ReadMemory at 0x7ffea2e60000 of 64 bytes failed: Only part of a ReadProcessMemory or WriteProcessMemory request was completed. (0x12B)
[0708/091516.597:WARNING:pe_image_reader.cc(340)] could not read dos header from C:\WINDOWS\System32\sechost.dll
[0708/091516.597:ERROR:process_memory_win.cc(73)] ReadMemory at 0x7ffea1e60000 of 64 bytes failed: Only part of a ReadProcessMemory or WriteProcessMemory request was completed. (0x12B)
[0708/091516.597:WARNING:pe_image_reader.cc(340)] could not read dos header from C:\WINDOWS\System32\RPCRT4.dll
[0708/091516.597:ERROR:process_memory_win.cc(73)] ReadMemory at 0x7ffe1df50000 of 64 bytes failed: Only part of a ReadProcessMemory or WriteProcessMemory request was completed. (0x12B)
[0708/091516.597:WARNING:pe_image_reader.cc(340)] could not read dos header from C:\Program Files (x86)\Google\Chrome\Application\83.0.4103.116\chrome.dll
[0708/091516.597:ERROR:process_memory_win.cc(73)] ReadMemory at 0x7ffea17f0000 of 64 bytes failed: Only part of a ReadProcessMemory or WriteProcessMemory request was completed. (0x12B)
[0708/091516.597:WARNING:pe_image_reader.cc(340)] could not read dos header from C:\WINDOWS\System32\WS2_32.dll
[0708/091516.597:ERROR:process_memory_win.cc(73)] ReadMemory at 0x22e0aef0000 of 64 bytes failed: Only part of a ReadProcessMemory or WriteProcessMemory request was completed. (0x12B)
[0708/091516.597:WARNING:pe_image_reader.cc(340)] could not read dos header from C:\WINDOWS\System32\OLEAUT32.dll
[0708/091516.597:ERROR:process_memory_win.cc(73)] ReadMemory at 0x7ffea0350000 of 64 bytes failed: Only part of a ReadProcessMemory or WriteProcessMemory request was completed. (0x12B)
[0708/091516.597:WARNING:pe_image_reader.cc(340)] could not read dos header from C:\WINDOWS\System32\msvcp_win.dll
[0708/091516.597:ERROR:process_memory_win.cc(73)] ReadMemory at 0x7ffea0ca0000 of 64 bytes failed: Only part of a ReadProcessMemory or WriteProcessMemory request was completed. (0x12B)
[0708/091516.597:WARNING:pe_image_reader.cc(340)] could not read dos header from C:\WINDOWS\System32\ucrtbase.dll
[0708/091516.597:ERROR:process_memory_win.cc(73)] ReadMemory at 0x7ffea11c0000 of 64 bytes failed: Only part of a ReadProcessMemory or WriteProcessMemory request was completed. (0x12B)
[0708/091516.597:WARNING:pe_image_reader.cc(340)] could not read dos header from C:\WINDOWS\System32\combase.dll
[0708/091516.597:ERROR:process_memory_win.cc(73)] ReadMemory at 0x7ffea0f90000 of 64 bytes failed: Only part of a ReadProcessMemory or WriteProcessMemory request was completed. (0x12B)
[0708/091516.597:WARNING:pe_image_reader.cc(340)] could not read dos header from C:\WINDOWS\System32\WINTRUST.dll
[0708/091516.597:ERROR:process_memory_win.cc(73)] ReadMemory at 0x7ffe9feb0000 of 64 bytes failed: Only part of a ReadProcessMemory or WriteProcessMemory request was completed. (0x12B)
[0708/091516.597:WARNING:pe_image_reader.cc(340)] could not read dos header from C:\WINDOWS\System32\MSASN1.dll
[0708/091516.597:ERROR:process_memory_win.cc(73)] ReadMemory at 0x7ffe9ff50000 of 64 bytes failed: Only part of a ReadProcessMemory or WriteProcessMemory request was completed. (0x12B)
[0708/091516.597:WARNING:pe_image_reader.cc(340)] could not read dos header from C:\WINDOWS\System32\CRYPT32.dll
[0708/091516.598:ERROR:process_memory_win.cc(73)] ReadMemory at 0x7ffe9f2e0000 of 64 bytes failed: Only part of a ReadProcessMemory or WriteProcessMemory request was completed. (0x12B)
[0708/091516.598:WARNING:pe_image_reader.cc(340)] could not read dos header from C:\WINDOWS\SYSTEM32\IPHLPAPI.DLL
[0708/091516.598:ERROR:process_memory_win.cc(73)] ReadMemory at 0x7ffe9b2b0000 of 64 bytes failed: Only part of a ReadProcessMemory or WriteProcessMemory request was completed. (0x12B)
[0708/091516.598:WARNING:pe_image_reader.cc(340)] could not read dos header from C:\WINDOWS\SYSTEM32\WINMM.dll
[0708/091516.598:ERROR:process_memory_win.cc(73)] ReadMemory at 0x7ffe89cb0000 of 64 bytes failed: Only part of a ReadProcessMemory or WriteProcessMemory request was completed. (0x12B)
[0708/091516.598:WARNING:pe_image_reader.cc(340)] could not read dos header from C:\WINDOWS\SYSTEM32\Secur32.dll
[0708/091516.598:ERROR:process_memory_win.cc(73)] ReadMemory at 0x7ffe9fcf0000 of 64 bytes failed: Only part of a ReadProcessMemory or WriteProcessMemory request was completed. (0x12B)
[0708/091516.598:WARNING:pe_image_reader.cc(340)] could not read dos header from C:\WINDOWS\SYSTEM32\USERENV.dll
[0708/091516.598:ERROR:process_memory_win.cc(73)] ReadMemory at 0x7ffe9fe80000 of 64 bytes failed: Only part of a ReadProcessMemory or WriteProcessMemory request was completed. (0x12B)
[0708/091516.598:WARNING:pe_image_reader.cc(340)] could not read dos header from C:\WINDOWS\System32\profapi.dll
[0708/091516.598:ERROR:process_memory_win.cc(73)] ReadMemory at 0x7ffe76b50000 of 64 bytes failed: Only part of a ReadProcessMemory or WriteProcessMemory request was completed. (0x12B)
[0708/091516.598:WARNING:pe_image_reader.cc(340)] could not read dos header from C:\WINDOWS\SYSTEM32\UIAutomationCore.DLL
[0708/091516.598:ERROR:process_memory_win.cc(73)] ReadMemory at 0x7ffe8bca0000 of 64 bytes failed: Only part of a ReadProcessMemory or WriteProcessMemory request was completed. (0x12B)
[0708/091516.598:WARNING:pe_image_reader.cc(340)] could not read dos header from C:\WINDOWS\SYSTEM32\DWrite.dll
[0708/091516.598:ERROR:process_memory_win.cc(73)] ReadMemory at 0x7ffe9cc70000 of 64 bytes failed: Only part of a ReadProcessMemory or WriteProcessMemory request was completed. (0x12B)
[0708/091516.598:WARNING:pe_image_reader.cc(340)] could not read dos header from C:\WINDOWS\SYSTEM32\WINSPOOL.DRV
[0708/091516.598:ERROR:process_memory_win.cc(73)] ReadMemory at 0x7ffe9fe60000 of 64 bytes failed: Only part of a ReadProcessMemory or WriteProcessMemory request was completed. (0x12B)
[0708/091516.699:WARNING:pe_image_reader.cc(340)] could not read dos header from C:\WINDOWS\System32\kernel.appcore.dll
[0708/091516.699:ERROR:process_memory_win.cc(73)] ReadMemory at 0x7ffe9fef0000 of 64 bytes failed: Only part of a ReadProcessMemory or WriteProcessMemory request was completed. (0x12B)
[0708/091516.699:WARNING:pe_image_reader.cc(340)] could not read dos header from C:\WINDOWS\System32\bcrypt.dll
[0708/091516.699:ERROR:process_memory_win.cc(73)] ReadMemory at 0x7ffe9e550000 of 64 bytes failed: Only part of a ReadProcessMemory or WriteProcessMemory request was completed. (0x12B)
[0708/091516.699:WARNING:pe_image_reader.cc(340)] could not read dos header from C:\WINDOWS\SYSTEM32\dbghelp.dll
[0708/091516.699:ERROR:process_memory_win.cc(73)] ReadMemory at 0x7ffe98a70000 of 64 bytes failed: Only part of a ReadProcessMemory or WriteProcessMemory request was completed. (0x12B)
[0708/091516.699:WARNING:pe_image_reader.cc(340)] could not read dos header from C:\WINDOWS\SYSTEM32\WINHTTP.dll
[0708/091516.699:ERROR:process_memory_win.cc(73)] ReadMemory at 0x7ffe98f70000 of 64 bytes failed: Only part of a ReadProcessMemory or WriteProcessMemory request was completed. (0x12B)
[0708/091516.699:WARNING:pe_image_reader.cc(340)] could not read dos header from C:\WINDOWS\SYSTEM32\dhcpcsvc.DLL
[0708/091516.699:ERROR:process_memory_win.cc(73)] ReadMemory at 0x7ffea1f80000 of 64 bytes failed: Only part of a ReadProcessMemory or WriteProcessMemory request was completed. (0x12B)
[0708/091516.699:WARNING:pe_image_reader.cc(340)] could not read dos header from C:\WINDOWS\System32\NSI.dll
[0708/091516.699:ERROR:process_memory_win.cc(73)] ReadMemory at 0x7ffe9b280000 of 64 bytes failed: Only part of a ReadProcessMemory or WriteProcessMemory request was completed. (0x12B)
[0708/091516.699:WARNING:pe_image_reader.cc(340)] could not read dos header from C:\WINDOWS\SYSTEM32\WINMMBASE.dll
[0708/091516.699:ERROR:process_memory_win.cc(73)] ReadMemory at 0x7ffea0f40000 of 64 bytes failed: Only part of a ReadProcessMemory or WriteProcessMemory request was completed. (0x12B)
[0708/091516.699:WARNING:pe_image_reader.cc(340)] could not read dos header from C:\WINDOWS\System32\cfgmgr32.dll
[0708/091516.699:ERROR:process_memory_win.cc(73)] ReadMemory at 0x7ffe9dcf0000 of 64 bytes failed: Only part of a ReadProcessMemory or WriteProcessMemory request was completed. (0x12B)
[0708/091516.700:WARNING:pe_image_reader.cc(340)] could not read dos header from C:\WINDOWS\SYSTEM32\PROPSYS.dll
[0708/091516.700:ERROR:process_memory_win.cc(73)] ReadMemory at 0x7ffea1f90000 of 64 bytes failed: Only part of a ReadProcessMemory or WriteProcessMemory request was completed. (0x12B)
[0708/091516.700:WARNING:pe_image_reader.cc(340)] could not read dos header from C:\WINDOWS\System32\shcore.dll
[0708/091516.700:ERROR:process_memory_win.cc(73)] ReadMemory at 0x7ffe9fd20000 of 64 bytes failed: Only part of a ReadProcessMemory or WriteProcessMemory request was completed. (0x12B)
[0708/091516.700:WARNING:pe_image_reader.cc(340)] could not read dos header from C:\WINDOWS\SYSTEM32\SSPICLI.DLL
[0708/091516.700:ERROR:process_memory_win.cc(73)] ReadMemory at 0x7ffe9f740000 of 64 bytes failed: Only part of a ReadProcessMemory or WriteProcessMemory request was completed. (0x12B)
[0708/091516.700:WARNING:pe_image_reader.cc(340)] could not read dos header from C:\WINDOWS\SYSTEM32\CRYPTBASE.DLL
[0708/091516.725:ERROR:process_memory_win.cc(73)] ReadMemory at 0x95543ed000 of 77824 bytes failed: Only part of a ReadProcessMemory or WriteProcessMemory request was completed. (0x12B)
[0708/091516.726:ERROR:process_memory_win.cc(73)] ReadMemory at 0x9554bfd000 of 12288 bytes failed: Only part of a ReadProcessMemory or WriteProcessMemory request was completed. (0x12B)
[0708/091516.726:ERROR:process_memory_win.cc(73)] ReadMemory at 0x9555bfd000 of 12288 bytes failed: Only part of a ReadProcessMemory or WriteProcessMemory request was completed. (0x12B)
[0708/091516.726:ERROR:process_memory_win.cc(73)] ReadMemory at 0x95563fb000 of 20480 bytes failed: Only part of a ReadProcessMemory or WriteProcessMemory request was completed. (0x12B)
[0708/091516.726:ERROR:process_memory_win.cc(73)] ReadMemory at 0x9556bfe000 of 8192 bytes failed: Only part of a ReadProcessMemory or WriteProcessMemory request was completed. (0x12B)
[0708/091516.726:ERROR:process_memory_win.cc(73)] ReadMemory at 0x95573fd000 of 12288 bytes failed: Only part of a ReadProcessMemory or WriteProcessMemory request was completed. (0x12B)
[0708/091516.726:ERROR:process_memory_win.cc(73)] ReadMemory at 0x9557bfb000 of 20480 bytes failed: Only part of a ReadProcessMemory or WriteProcessMemory request was completed. (0x12B)
[0708/091516.726:ERROR:process_memory_win.cc(73)] ReadMemory at 0x9558bfd000 of 12288 bytes failed: Only part of a ReadProcessMemory or WriteProcessMemory request was completed. (0x12B)
[0708/091516.726:ERROR:process_memory_win.cc(73)] ReadMemory at 0x95593f7000 of 36864 bytes failed: Only part of a ReadProcessMemory or WriteProcessMemory request was completed. (0x12B)
[0708/091516.726:ERROR:process_memory_win.cc(73)] ReadMemory at 0x9559bf6000 of 40960 bytes failed: Only part of a ReadProcessMemory or WriteProcessMemory request was completed. (0x12B)
[0708/091516.726:ERROR:process_memory_win.cc(73)] ReadMemory at 0x955a3f6000 of 40960 bytes failed: Only part of a ReadProcessMemory or WriteProcessMemory request was completed. (0x12B)
[0708/091516.726:ERROR:process_memory_win.cc(73)] ReadMemory at 0x955abf6000 of 40960 bytes failed: Only part of a ReadProcessMemory or WriteProcessMemory request was completed. (0x12B)
[0708/091516.726:ERROR:process_memory_win.cc(73)] ReadMemory at 0x955b3fd000 of 12288 bytes failed: Only part of a ReadProcessMemory or WriteProcessMemory request was completed. (0x12B)
[0708/091516.726:ERROR:process_memory_win.cc(73)] ReadMemory at 0x955bbfd000 of 12288 bytes failed: Only part of a ReadProcessMemory or WriteProcessMemory request was completed. (0x12B)
[0708/091516.726:ERROR:process_memory_win.cc(73)] ReadMemory at 0x955dbf6000 of 40960 bytes failed: Only part of a ReadProcessMemory or WriteProcessMemory request was completed. (0x12B)
[0708/091516.726:ERROR:process_memory_win.cc(73)] ReadMemory at 0x95553ff000 of 4096 bytes failed: Only part of a ReadProcessMemory or WriteProcessMemory request was completed. (0x12B)
[0708/091516.959:ERROR:process_memory_win.cc(73)] ReadMemory at 0x9553a1a000 of 6024 bytes failed: Only part of a ReadProcessMemory or WriteProcessMemory request was completed. (0x12B)
[0708/091517.197:ERROR:process_memory_win.cc(73)] ReadMemory at 0x9553a20000 of 6024 bytes failed: Only part of a ReadProcessMemory or WriteProcessMemory request was completed. (0x12B)
[0708/091517.199:ERROR:process_memory_win.cc(73)] ReadMemory at 0x9553bbb000 of 852 bytes failed: Only part of a ReadProcessMemory or WriteProcessMemory request was completed. (0x12B)
[0708/091517.199:ERROR:process_memory_win.cc(73)] ReadMemory at 0x9553bbc000 of 6024 bytes failed: Only part of a ReadProcessMemory or WriteProcessMemory request was completed. (0x12B)
[0708/091517.200:ERROR:process_memory_win.cc(73)] ReadMemory at 0x9553bbe000 of 6024 bytes failed: Only part of a ReadProcessMemory or WriteProcessMemory request was completed. (0x12B)
[0708/091517.200:ERROR:process_memory_win.cc(73)] ReadMemory at 0x9553bc2000 of 6024 bytes failed: Only part of a ReadProcessMemory or WriteProcessMemory request was completed. (0x12B)
[0708/091517.201:ERROR:process_memory_win.cc(73)] ReadMemory at 0x9553bc4000 of 6024 bytes failed: Only part of a ReadProcessMemory or WriteProcessMemory request was completed. (0x12B)
[0708/091517.202:ERROR:process_memory_win.cc(73)] ReadMemory at 0x9553bc6000 of 6024 bytes failed: Only part of a ReadProcessMemory or WriteProcessMemory request was completed. (0x12B)
[0708/091517.202:ERROR:process_memory_win.cc(73)] ReadMemory at 0x9553bc8000 of 6024 bytes failed: Only part of a ReadProcessMemory or WriteProcessMemory request was completed. (0x12B)
[0708/091517.202:ERROR:process_memory_win.cc(73)] ReadMemory at 0x9553bca000 of 6024 bytes failed: Only part of a ReadProcessMemory or WriteProcessMemory request was completed. (0x12B)
[0708/091517.202:ERROR:process_memory_win.cc(73)] ReadMemory at 0x9553bce000 of 6024 bytes failed: Only part of a ReadProcessMemory or WriteProcessMemory request was completed. (0x12B)
[0708/091517.202:ERROR:process_memory_win.cc(73)] ReadMemory at 0x9553bd0000 of 6024 bytes failed: Only part of a ReadProcessMemory or WriteProcessMemory request was completed. (0x12B)
[0708/091517.202:ERROR:process_memory_win.cc(73)] ReadMemory at 0x9553bd2000 of 6024 bytes failed: Only part of a ReadProcessMemory or WriteProcessMemory request was completed. (0x12B)
[0708/091517.202:ERROR:process_memory_win.cc(73)] ReadMemory at 0x9553bd4000 of 6024 bytes failed: Only part of a ReadProcessMemory or WriteProcessMemory request was completed. (0x12B)
[0708/091517.202:ERROR:process_memory_win.cc(73)] ReadMemory at 0x9553bd6000 of 6024 bytes failed: Only part of a ReadProcessMemory or WriteProcessMemory request was completed. (0x12B)
[0708/091517.203:ERROR:process_memory_win.cc(73)] ReadMemory at 0x9553bd8000 of 6024 bytes failed: Only part of a ReadProcessMemory or WriteProcessMemory request was completed. (0x12B)
[0708/091517.203:ERROR:process_memory_win.cc(73)] ReadMemory at 0x9553bee000 of 6024 bytes failed: Only part of a ReadProcessMemory or WriteProcessMemory request was completed. (0x12B)
[0708/091517.234:ERROR:process_memory_win.cc(73)] ReadMemory at 0x22e0ac20fe0 of 7648 bytes failed: Only part of a ReadProcessMemory or WriteProcessMemory request was completed. (0x12B)
[0708/091517.277:ERROR:process_memory_win.cc(73)] ReadMemory at 0x22e0ac22dd0 of 1012 bytes failed: Only part of a ReadProcessMemory or WriteProcessMemory request was completed. (0x12B)
[0708/091517.299:ERROR:process_memory_win.cc(73)] ReadMemory at 0x22e0ac23418 of 118 bytes failed: Only part of a ReadProcessMemory or WriteProcessMemory request was completed. (0x12B)
[0708/091517.299:ERROR:process_memory_win.cc(73)] ReadMemory at 0x22e0ac23490 of 746 bytes failed: Only part of a ReadProcessMemory or WriteProcessMemory request was completed. (0x12B)
[0708/091517.299:ERROR:process_memory_win.cc(73)] ReadMemory at 0x22e0ac2377c of 118 bytes failed: Only part of a ReadProcessMemory or WriteProcessMemory request was completed. (0x12B)
[0708/091517.299:ERROR:process_memory_win.cc(73)] ReadMemory at 0x22e0ac237f4 of 96 bytes failed: Only part of a ReadProcessMemory or WriteProcessMemory request was completed. (0x12B)
[0708/091517.299:ERROR:process_memory_win.cc(73)] ReadMemory at 0x22e0ac23860 of 58 bytes failed: Only part of a ReadProcessMemory or WriteProcessMemory request was completed. (0x12B)
[0708/091517.299:ERROR:process_memory_win.cc(73)] ReadMemory at 0x22e0ac23960 of 132 bytes failed: Only part of a ReadProcessMemory or WriteProcessMemory request was completed. (0x12B)
[0708/091517.300:ERROR:process_memory_win.cc(73)] ReadMemory at 0x22e0ac23af0 of 132 bytes failed: Only part of a ReadProcessMemory or WriteProcessMemory request was completed. (0x12B)
[0708/091518.027:ERROR:process_memory_win.cc(73)] ReadMemory at 0x22e0ac23cb0 of 126 bytes failed: Only part of a ReadProcessMemory or WriteProcessMemory request was completed. (0x12B)
[0708/091518.143:ERROR:process_memory_win.cc(73)] ReadMemory at 0x22e0ac24090 of 132 bytes failed: Only part of a ReadProcessMemory or WriteProcessMemory request was completed. (0x12B)
[0708/091518.143:ERROR:process_memory_win.cc(73)] ReadMemory at 0x22e0ac24220 of 64 bytes failed: Only part of a ReadProcessMemory or WriteProcessMemory request was completed. (0x12B)
[0708/091518.143:ERROR:process_memory_win.cc(73)] ReadMemory at 0x22e0ac243e0 of 132 bytes failed: Only part of a ReadProcessMemory or WriteProcessMemory request was completed. (0x12B)
[0708/091518.143:ERROR:process_memory_win.cc(73)] ReadMemory at 0x22e0ac24680 of 132 bytes failed: Only part of a ReadProcessMemory or WriteProcessMemory request was completed. (0x12B)
[0708/091518.155:ERROR:process_memory_win.cc(73)] ReadMemory at 0x22e0ac24810 of 68 bytes failed: Only part of a ReadProcessMemory or WriteProcessMemory request was completed. (0x12B)
[0708/091518.595:ERROR:process_memory_win.cc(73)] ReadMemory at 0x22e0ac257f0 of 146 bytes failed: Only part of a ReadProcessMemory or WriteProcessMemory request was completed. (0x12B)
[0708/091518.595:ERROR:process_memory_win.cc(73)] ReadMemory at 0x22e0ac258d0 of 132 bytes failed: Only part of a ReadProcessMemory or WriteProcessMemory request was completed. (0x12B)
[0708/091518.595:ERROR:process_memory_win.cc(73)] ReadMemory at 0x22e0ac25a60 of 154 bytes failed: Only part of a ReadProcessMemory or WriteProcessMemory request was completed. (0x12B)
[0708/091518.595:ERROR:process_memory_win.cc(73)] ReadMemory at 0x22e0ac26850 of 132 bytes failed: Only part of a ReadProcessMemory or WriteProcessMemory request was completed. (0x12B)
[0708/091518.595:ERROR:process_memory_win.cc(73)] ReadMemory at 0x22e0ac269f0 of 132 bytes failed: Only part of a ReadProcessMemory or WriteProcessMemory request was completed. (0x12B)
[0708/091518.596:ERROR:process_memory_win.cc(73)] ReadMemory at 0x22e0ac26b20 of 60 bytes failed: Only part of a ReadProcessMemory or WriteProcessMemory request was completed. (0x12B)
[0708/091518.596:ERROR:process_memory_win.cc(73)] ReadMemory at 0x22e0ac271c0 of 132 bytes failed: Only part of a ReadProcessMemory or WriteProcessMemory request was completed. (0x12B)
[0708/091518.596:ERROR:process_memory_win.cc(73)] ReadMemory at 0x22e0ac27f20 of 62 bytes failed: Only part of a ReadProcessMemory or WriteProcessMemory request was completed. (0x12B)
[0708/091518.920:ERROR:process_memory_win.cc(73)] ReadMemory at 0x22e0ac288c0 of 132 bytes failed: Only part of a ReadProcessMemory or WriteProcessMemory request was completed. (0x12B)
[0708/091518.920:ERROR:process_memory_win.cc(73)] ReadMemory at 0x22e0ac28ae0 of 132 bytes failed: Only part of a ReadProcessMemory or WriteProcessMemory request was completed. (0x12B)
[0708/091518.920:ERROR:process_memory_win.cc(73)] ReadMemory at 0x22e0ac28e40 of 132 bytes failed: Only part of a ReadProcessMemory or WriteProcessMemory request was completed. (0x12B)
[0708/091518.920:ERROR:process_memory_win.cc(73)] ReadMemory at 0x22e0ac29050 of 132 bytes failed: Only part of a ReadProcessMemory or WriteProcessMemory request was completed. (0x12B)
[0708/091518.920:ERROR:process_memory_win.cc(73)] ReadMemory at 0x22e0ac2b7c0 of 132 bytes failed: Only part of a ReadProcessMemory or WriteProcessMemory request was completed. (0x12B)
[0708/091518.920:ERROR:process_memory_win.cc(73)] ReadMemory at 0x22e0ac2b8f0 of 132 bytes failed: Only part of a ReadProcessMemory or WriteProcessMemory request was completed. (0x12B)
[0708/091518.921:ERROR:process_memory_win.cc(73)] ReadMemory at 0x22e0ac2ba80 of 80 bytes failed: Only part of a ReadProcessMemory or WriteProcessMemory request was completed. (0x12B)
[0708/091518.921:ERROR:process_memory_win.cc(73)] ReadMemory at 0x22e0ac2c430 of 62 bytes failed: Only part of a ReadProcessMemory or WriteProcessMemory request was completed. (0x12B)
[0708/091518.921:ERROR:process_memory_win.cc(73)] ReadMemory at 0x22e0ac2c480 of 64 bytes failed: Only part of a ReadProcessMemory or WriteProcessMemory request was completed. (0x12B)
[0708/091518.921:ERROR:process_memory_win.cc(73)] ReadMemory at 0x22e0ac2c5c0 of 64 bytes failed: Only part of a ReadProcessMemory or WriteProcessMemory request was completed. (0x12B)
[0708/091518.921:ERROR:process_memory_win.cc(73)] ReadMemory at 0x22e0ac2c700 of 62 bytes failed: Only part of a ReadProcessMemory or WriteProcessMemory request was completed. (0x12B)
[0708/091518.921:ERROR:process_memory_win.cc(73)] ReadMemory at 0x22e0ac2c750 of 60 bytes failed: Only part of a ReadProcessMemory or WriteProcessMemory request was completed. (0x12B)
[0708/091518.921:ERROR:process_memory_win.cc(73)] ReadMemory at 0x22e0ac2c840 of 64 bytes failed: Only part of a ReadProcessMemory or WriteProcessMemory request was completed. (0x12B)
[0708/091518.921:ERROR:process_memory_win.cc(73)] ReadMemory at 0x22e0ac2c890 of 64 bytes failed: Only part of a ReadProcessMemory or WriteProcessMemory request was completed. (0x12B)
[0708/091518.921:ERROR:process_memory_win.cc(73)] ReadMemory at 0x22e0ac2cac0 of 60 bytes failed: Only part of a ReadProcessMemory or WriteProcessMemory request was completed. (0x12B)
[0708/091518.921:ERROR:process_memory_win.cc(73)] ReadMemory at 0x22e0ac2cb60 of 66 bytes failed: Only part of a ReadProcessMemory or WriteProcessMemory request was completed. (0x12B)
[0708/091518.921:ERROR:process_memory_win.cc(73)] ReadMemory at 0x22e0ac2d360 of 76 bytes failed: Only part of a ReadProcessMemory or WriteProcessMemory request was completed. (0x12B)
[0708/091518.921:ERROR:process_memory_win.cc(73)] ReadMemory at 0x22e0ac2d540 of 80 bytes failed: Only part of a ReadProcessMemory or WriteProcessMemory request was completed. (0x12B)
[0708/091518.921:ERROR:process_memory_win.cc(73)] ReadMemory at 0x22e0ac2df10 of 62 bytes failed: Only part of a ReadProcessMemory or WriteProcessMemory request was completed. (0x12B)
[0708/091518.922:ERROR:process_memory_win.cc(73)] ReadMemory at 0x22e0ac2e0a0 of 62 bytes failed: Only part of a ReadProcessMemory or WriteProcessMemory request was completed. (0x12B)
[0708/091518.922:ERROR:process_memory_win.cc(73)] ReadMemory at 0x22e0ac2e0f0 of 62 bytes failed: Only part of a ReadProcessMemory or WriteProcessMemory request was completed. (0x12B)
[0708/091518.922:ERROR:process_memory_win.cc(73)] ReadMemory at 0x22e0ac2e190 of 60 bytes failed: Only part of a ReadProcessMemory or WriteProcessMemory request was completed. (0x12B)
[0708/091518.922:ERROR:process_memory_win.cc(73)] ReadMemory at 0x22e0ac2e1e0 of 62 bytes failed: Only part of a ReadProcessMemory or WriteProcessMemory request was completed. (0x12B)
[0708/091518.922:ERROR:process_memory_win.cc(73)] ReadMemory at 0x22e0ac2e230 of 66 bytes failed: Only part of a ReadProcessMemory or WriteProcessMemory request was completed. (0x12B)
[0708/091518.922:ERROR:process_memory_win.cc(73)] ReadMemory at 0x22e0ac2e320 of 62 bytes failed: Only part of a ReadProcessMemory or WriteProcessMemory request was completed. (0x12B)
[0708/091518.922:ERROR:process_memory_win.cc(73)] ReadMemory at 0x22e0ac2e3c0 of 64 bytes failed: Only part of a ReadProcessMemory or WriteProcessMemory request was completed. (0x12B)
[0708/091518.922:ERROR:process_memory_win.cc(73)] ReadMemory at 0x22e0ac2e460 of 60 bytes failed: Only part of a ReadProcessMemory or WriteProcessMemory request was completed. (0x12B)
[0708/091518.922:ERROR:process_memory_win.cc(73)] ReadMemory at 0x22e0ac2e690 of 64 bytes failed: Only part of a ReadProcessMemory or WriteProcessMemory request was completed. (0x12B)
[0708/091518.922:ERROR:process_memory_win.cc(73)] ReadMemory at 0x22e0ac2e7d0 of 58 bytes failed: Only part of a ReadProcessMemory or WriteProcessMemory request was completed. (0x12B)
[0708/091518.922:ERROR:process_memory_win.cc(73)] ReadMemory at 0x22e0ac2e870 of 60 bytes failed: Only part of a ReadProcessMemory or WriteProcessMemory request was completed. (0x12B)
[0708/091518.922:ERROR:process_memory_win.cc(73)] ReadMemory at 0x22e0ac2e910 of 62 bytes failed: Only part of a ReadProcessMemory or WriteProcessMemory request was completed. (0x12B)
[0708/091518.923:ERROR:process_memory_win.cc(73)] ReadMemory at 0x22e0ac2eaf0 of 62 bytes failed: Only part of a ReadProcessMemory or WriteProcessMemory request was completed. (0x12B)
[0708/091518.923:ERROR:process_memory_win.cc(73)] ReadMemory at 0x22e0ac2eb40 of 64 bytes failed: Only part of a ReadProcessMemory or WriteProcessMemory request was completed. (0x12B)
[0708/091518.923:ERROR:process_memory_win.cc(73)] ReadMemory at 0x22e0ac2ec30 of 62 bytes failed: Only part of a ReadProcessMemory or WriteProcessMemory request was completed. (0x12B)
[0708/091518.923:ERROR:process_memory_win.cc(73)] ReadMemory at 0x22e0ac2ec80 of 64 bytes failed: Only part of a ReadProcessMemory or WriteProcessMemory request was completed. (0x12B)
[0708/091518.923:ERROR:process_memory_win.cc(73)] ReadMemory at 0x22e0ac2ecd0 of 60 bytes failed: Only part of a ReadProcessMemory or WriteProcessMemory request was completed. (0x12B)
[0708/091518.923:ERROR:process_memory_win.cc(73)] ReadMemory at 0x22e0ac30ab0 of 54 bytes failed: Only part of a ReadProcessMemory or WriteProcessMemory request was completed. (0x12B)
[0708/091518.923:ERROR:process_memory_win.cc(73)] ReadMemory at 0x22e0ac31880 of 132 bytes failed: Only part of a ReadProcessMemory or WriteProcessMemory request was completed. (0x12B)
[0708/091518.923:ERROR:process_memory_win.cc(73)] ReadMemory at 0x22e0ac31bd0 of 132 bytes failed: Only part of a ReadProcessMemory or WriteProcessMemory request was completed. (0x12B)
[0708/091518.923:ERROR:process_memory_win.cc(73)] ReadMemory at 0x22e0ac35bc0 of 132 bytes failed: Only part of a ReadProcessMemory or WriteProcessMemory request was completed. (0x12B)
[0708/091518.923:ERROR:process_memory_win.cc(73)] ReadMemory at 0x22e0ac35cf0 of 132 bytes failed: Only part of a ReadProcessMemory or WriteProcessMemory request was completed. (0x12B)
[0708/091518.923:ERROR:process_memory_win.cc(73)] ReadMemory at 0x22e0ac35e20 of 132 bytes failed: Only part of a ReadProcessMemory or WriteProcessMemory request was completed. (0x12B)
[0708/091518.923:ERROR:process_memory_win.cc(73)] ReadMemory at 0x22e0ac35f50 of 132 bytes failed: Only part of a ReadProcessMemory or WriteProcessMemory request was completed. (0x12B)
[0708/091518.923:ERROR:process_memory_win.cc(73)] ReadMemory at 0x22e0ac36080 of 132 bytes failed: Only part of a ReadProcessMemory or WriteProcessMemory request was completed. (0x12B)
[0708/091518.923:ERROR:process_memory_win.cc(73)] ReadMemory at 0x22e0ac362e0 of 132 bytes failed: Only part of a ReadProcessMemory or WriteProcessMemory request was completed. (0x12B)
[0708/091518.923:ERROR:process_memory_win.cc(73)] ReadMemory at 0x22e0ac36410 of 132 bytes failed: Only part of a ReadProcessMemory or WriteProcessMemory request was completed. (0x12B)
[0708/091518.923:ERROR:process_memory_win.cc(73)] ReadMemory at 0x22e0ac36540 of 132 bytes failed: Only part of a ReadProcessMemory or WriteProcessMemory request was completed. (0x12B)
[0708/091518.924:ERROR:process_memory_win.cc(73)] ReadMemory at 0x22e0ac36670 of 132 bytes failed: Only part of a ReadProcessMemory or WriteProcessMemory request was completed. (0x12B)
[0708/091518.924:ERROR:process_memory_win.cc(73)] ReadMemory at 0x22e0ac367a0 of 132 bytes failed: Only part of a ReadProcessMemory or WriteProcessMemory request was completed. (0x12B)
[0708/091518.924:ERROR:process_memory_win.cc(73)] ReadMemory at 0x22e0ac368d0 of 132 bytes failed: Only part of a ReadProcessMemory or WriteProcessMemory request was completed. (0x12B)
[0708/091518.924:ERROR:process_memory_win.cc(73)] ReadMemory at 0x22e0ac36a00 of 132 bytes failed: Only part of a ReadProcessMemory or WriteProcessMemory request was completed. (0x12B)
[0708/091518.924:ERROR:process_memory_win.cc(73)] ReadMemory at 0x22e0ac37a80 of 132 bytes failed: Only part of a ReadProcessMemory or WriteProcessMemory request was completed. (0x12B)
[0708/091518.924:ERROR:process_memory_win.cc(73)] ReadMemory at 0x22e0ac381a0 of 132 bytes failed: Only part of a ReadProcessMemory or WriteProcessMemory request was completed. (0x12B)
[0708/091518.924:ERROR:process_memory_win.cc(73)] ReadMemory at 0x22e0ac382d0 of 132 bytes failed: Only part of a ReadProcessMemory or WriteProcessMemory request was completed. (0x12B)
[0708/091518.924:ERROR:process_memory_win.cc(73)] ReadMemory at 0x22e0ac38400 of 132 bytes failed: Only part of a ReadProcessMemory or WriteProcessMemory request was completed. (0x12B)
[0708/091518.924:ERROR:process_memory_win.cc(73)] ReadMemory at 0x22e0ac38660 of 132 bytes failed: Only part of a ReadProcessMemory or WriteProcessMemory request was completed. (0x12B)
[0708/091518.924:ERROR:process_memory_win.cc(73)] ReadMemory at 0x22e0ac38790 of 132 bytes failed: Only part of a ReadProcessMemory or WriteProcessMemory request was completed. (0x12B)
[0708/091518.924:ERROR:process_memory_win.cc(73)] ReadMemory at 0x22e0ac38d80 of 132 bytes failed: Only part of a ReadProcessMemory or WriteProcessMemory request was completed. (0x12B)
[0708/091518.924:ERROR:process_memory_win.cc(73)] ReadMemory at 0x22e0ac38eb0 of 132 bytes failed: Only part of a ReadProcessMemory or WriteProcessMemory request was completed. (0x12B)
[0708/091518.924:ERROR:process_memory_win.cc(73)] ReadMemory at 0x22e0ac38fe0 of 132 bytes failed: Only part of a ReadProcessMemory or WriteProcessMemory request was completed. (0x12B)
[0708/091518.925:ERROR:process_memory_win.cc(73)] ReadMemory at 0x22e0ac39110 of 132 bytes failed: Only part of a ReadProcessMemory or WriteProcessMemory request was completed. (0x12B)
[0708/091518.925:ERROR:process_memory_win.cc(73)] ReadMemory at 0x22e0ac50da0 of 512 bytes failed: Only part of a ReadProcessMemory or WriteProcessMemory request was completed. (0x12B)
[0708/091518.925:ERROR:process_memory_win.cc(73)] ReadMemory at 0x22e0ac52360 of 512 bytes failed: Only part of a ReadProcessMemory or WriteProcessMemory request was completed. (0x12B)
[0708/091518.925:ERROR:process_memory_win.cc(73)] ReadMemory at 0x22e0b47ff80 of 512 bytes failed: Only part of a ReadProcessMemory or WriteProcessMemory request was completed. (0x12B)
[0708/091518.925:ERROR:process_memory_win.cc(73)] ReadMemory at 0x22e0b490000 of 384 bytes failed: Only part of a ReadProcessMemory or WriteProcessMemory request was completed. (0x12B)
[0708/091518.925:ERROR:process_memory_win.cc(73)] ReadMemory at 0x22e0b4cfac8 of 512 bytes failed: Only part of a ReadProcessMemory or WriteProcessMemory request was completed. (0x12B)
[0708/091518.925:ERROR:process_memory_win.cc(73)] ReadMemory at 0x22e0b4d06d0 of 512 bytes failed: Only part of a ReadProcessMemory or WriteProcessMemory request was completed. (0x12B)
[0708/091518.925:ERROR:process_memory_win.cc(73)] ReadMemory at 0x22e0b4e1730 of 712 bytes failed: Only part of a ReadProcessMemory or WriteProcessMemory request was completed. (0x12B)
[0708/091518.925:ERROR:process_memory_win.cc(73)] ReadMemory at 0x22e0b4ed620 of 512 bytes failed: Only part of a ReadProcessMemory or WriteProcessMemory request was completed. (0x12B)
[0708/091518.925:ERROR:process_memory_win.cc(73)] ReadMemory at 0x22e0b4ee840 of 512 bytes failed: Only part of a ReadProcessMemory or WriteProcessMemory request was completed. (0x12B)
[0708/091518.925:ERROR:process_memory_win.cc(73)] ReadMemory at 0x22e0cb51740 of 512 bytes failed: Only part of a ReadProcessMemory or WriteProcessMemory request was completed. (0x12B)
[0708/091518.925:ERROR:process_memory_win.cc(73)] ReadMemory at 0x22e10794ccc of 512 bytes failed: Only part of a ReadProcessMemory or WriteProcessMemory request was completed. (0x12B)
[0708/091518.925:ERROR:process_memory_win.cc(73)] ReadMemory at 0x22e11b8a060 of 560 bytes failed: Only part of a ReadProcessMemory or WriteProcessMemory request was completed. (0x12B)
[0708/091518.925:ERROR:process_memory_win.cc(73)] ReadMemory at 0x22e13c3c270 of 512 bytes failed: Only part of a ReadProcessMemory or WriteProcessMemory request was completed. (0x12B)
[0708/091518.926:ERROR:process_memory_win.cc(73)] ReadMemory at 0x22e21a05c28 of 512 bytes failed: Only part of a ReadProcessMemory or WriteProcessMemory request was completed. (0x12B)
[0708/091518.926:ERROR:process_memory_win.cc(73)] ReadMemory at 0x22e2c867540 of 512 bytes failed: Only part of a ReadProcessMemory or WriteProcessMemory request was completed. (0x12B)
[0708/091518.926:ERROR:process_memory_win.cc(73)] ReadMemory at 0x22e2d193020 of 528 bytes failed: Only part of a ReadProcessMemory or WriteProcessMemory request was completed. (0x12B)
[0708/091518.926:ERROR:process_memory_win.cc(73)] ReadMemory at 0x22e340f4e67 of 512 bytes failed: Only part of a ReadProcessMemory or WriteProcessMemory request was completed. (0x12B)
[0708/091518.926:ERROR:process_memory_win.cc(73)] ReadMemory at 0x7ffe71c179a5 of 512 bytes failed: Only part of a ReadProcessMemory or WriteProcessMemory request was completed. (0x12B)
[0708/091518.926:ERROR:process_memory_win.cc(73)] ReadMemory at 0x7ffe71c18180 of 512 bytes failed: Only part of a ReadProcessMemory or WriteProcessMemory request was completed. (0x12B)
[0708/091518.926:ERROR:process_memory_win.cc(73)] ReadMemory at 0x7ffea2f80753 of 512 bytes failed: Only part of a ReadProcessMemory or WriteProcessMemory request was completed. (0x12B)
[0708/091518.990:ERROR:process_memory_win.cc(73)] ReadMemory at 0x7ffea2fdc074 of 672 bytes failed: Only part of a ReadProcessMemory or WriteProcessMemory request was completed. (0x12B)
[0708/091518.990:ERROR:process_memory_win.cc(73)] ReadMemory at 0x7ffea2fdf924 of 608 bytes failed: Only part of a ReadProcessMemory or WriteProcessMemory request was completed. (0x12B)
[0708/091518.990:ERROR:process_memory_win.cc(73)] ReadMemory at 0x7ffea306c428 of 18 bytes failed: Only part of a ReadProcessMemory or WriteProcessMemory request was completed. (0x12B)
[0708/091518.990:ERROR:process_memory_win.cc(73)] ReadMemory at 0x7ffea309f4f8 of 40 bytes failed: Only part of a ReadProcessMemory or WriteProcessMemory request was completed. (0x12B)
[0708/091518.990:ERROR:process_memory_win.cc(73)] ReadMemory at 0x7ffea309f978 of 48 bytes failed: Only part of a ReadProcessMemory or WriteProcessMemory request was completed. (0x12B)
[0708/091518.990:ERROR:process_memory_win.cc(73)] ReadMemory at 0x7ffea30a53c0 of 64 bytes failed: Only part of a ReadProcessMemory or WriteProcessMemory request was completed. (0x12B)
[0708/091519.025:ERROR:scoped_process_suspend.cc(40)] NtResumeProcess: An attempt was made to access an exiting process. (0xc000010a)
[0720/170301.656:ERROR:process_reader_win.cc(123)] NtOpenThread: {Accs refus} Un processus a demand laccs a un objet, mais il ne bnficie pas des autorisations ncessaires. (0xc0000022)
[0720/170301.672:ERROR:exception_snapshot_win.cc(98)] thread ID 7420 not found in process
[0720/170301.703:ERROR:process_reader_win.cc(123)] NtOpenThread: {Accs refus} Un processus a demand laccs a un objet, mais il ne bnficie pas des autorisations ncessaires. (0xc0000022)
[0720/170301.703:ERROR:exception_snapshot_win.cc(98)] thread ID 5920 not found in process
[0720/170301.703:ERROR:process_reader_win.cc(123)] NtOpenThread: {Accs refus} Un processus a demand laccs a un objet, mais il ne bnficie pas des autorisations ncessaires. (0xc0000022)
[0720/170301.703:ERROR:exception_snapshot_win.cc(98)] thread ID 8900 not found in process
[0720/170301.703:ERROR:process_reader_win.cc(123)] NtOpenThread: {Accs refus} Un processus a demand laccs a un objet, mais il ne bnficie pas des autorisations ncessaires. (0xc0000022)
[0720/170301.703:ERROR:exception_snapshot_win.cc(98)] thread ID 6572 not found in process
[0720/170301.719:ERROR:process_reader_win.cc(123)] NtOpenThread: {Accs refus} Un processus a demand laccs a un objet, mais il ne bnficie pas des autorisations ncessaires. (0xc0000022)
[0720/170301.719:ERROR:exception_snapshot_win.cc(98)] thread ID 8776 not found in process
[0720/170301.765:ERROR:process_reader_win.cc(123)] NtOpenThread: {Accs refus} Un processus a demand laccs a un objet, mais il ne bnficie pas des autorisations ncessaires. (0xc0000022)
[0720/170301.765:ERROR:exception_snapshot_win.cc(98)] thread ID 8184 not found in process
[0720/170301.765:ERROR:process_reader_win.cc(123)] NtOpenThread: {Accs refus} Un processus a demand laccs a un objet, mais il ne bnficie pas des autorisations ncessaires. (0xc0000022)
[0720/170301.765:ERROR:exception_snapshot_win.cc(98)] thread ID 9140 not found in process
[0720/170301.765:ERROR:process_reader_win.cc(123)] NtOpenThread: {Accs refus} Un processus a demand laccs a un objet, mais il ne bnficie pas des autorisations ncessaires. (0xc0000022)
[0720/170301.765:ERROR:exception_snapshot_win.cc(98)] thread ID 6276 not found in process
[0720/170301.797:ERROR:process_reader_win.cc(123)] NtOpenThread: {Accs refus} Un processus a demand laccs a un objet, mais il ne bnficie pas des autorisations ncessaires. (0xc0000022)
[0720/170301.797:ERROR:exception_snapshot_win.cc(98)] thread ID 5272 not found in process
